<?xml version="1.0" encoding="UTF-8"?>
<!-- Generated by org.testng.reporters.JUnitReportReporter -->
<testsuite skipped="0" hostname="kali" name="udacity.FirefoxSearch" tests="5" failures="0" timestamp="2020-03-14T17:39:10 IST" time="11.609" errors="0">
  <testcase name="insertkeys" time="4.807" classname="udacity.FirefoxSearch"/>
  <testcase name="coursepicker" time="6.205" classname="udacity.FirefoxSearch"/>
  <testcase name="assertions2" time="0.156" classname="udacity.FirefoxSearch"/>
  <testcase name="showphotos" time="0.107" classname="udacity.FirefoxSearch"/>
  <testcase name="downloadsyllabus" time="0.334" classname="udacity.FirefoxSearch"/>
</testsuite> <!-- udacity.FirefoxSearch -->
