<?xml version="1.0" encoding="UTF-8"?>
<!-- Generated by org.testng.reporters.JUnitReportReporter -->
<testsuite skipped="0" hostname="kali" name="udemy.FirefoxSignupTest" tests="5" failures="0" timestamp="2020-03-14T16:57:50 IST" time="30.518" errors="0">
  <testcase name="insertkeys" time="13.583" classname="udemy.FirefoxSignupTest"/>
  <testcase name="coursepicker" time="11.912" classname="udemy.FirefoxSignupTest"/>
  <testcase name="assertions2" time="3.212" classname="udemy.FirefoxSignupTest"/>
  <testcase name="showphotos" time="0.269" classname="udemy.FirefoxSignupTest"/>
  <testcase name="downloadsyllabus" time="1.542" classname="udemy.FirefoxSignupTest"/>
</testsuite> <!-- udemy.FirefoxSignupTest -->
