<?xml version="1.0" encoding="UTF-8"?>
<!-- Generated by org.testng.reporters.JUnitReportReporter -->
<testsuite skipped="0" hostname="kali" name="seleniumlab.FirefoxSearch" tests="5" failures="0" timestamp="2020-03-14T22:37:01 IST" time="14.685" errors="0">
  <testcase name="insertkeys" time="4.808" classname="seleniumlab.FirefoxSearch"/>
  <testcase name="coursepicker" time="7.351" classname="seleniumlab.FirefoxSearch"/>
  <testcase name="assertions2" time="1.163" classname="seleniumlab.FirefoxSearch"/>
  <testcase name="showphotos" time="0.165" classname="seleniumlab.FirefoxSearch"/>
  <testcase name="downloadsyllabus" time="1.198" classname="seleniumlab.FirefoxSearch"/>
</testsuite> <!-- seleniumlab.FirefoxSearch -->
