<?xml version="1.0" encoding="UTF-8"?>
<!-- Generated by org.testng.reporters.JUnitReportReporter -->
<testsuite skipped="0" hostname="kali" name="seleniumlab.FirefoxRegister" tests="1" failures="0" timestamp="2020-03-14T22:41:32 IST" time="0.262" errors="0">
  <testcase name="addcredentials" time="0.262" classname="seleniumlab.FirefoxRegister"/>
</testsuite> <!-- seleniumlab.FirefoxRegister -->
