<?xml version="1.0" encoding="UTF-8"?>
<!-- Generated by org.testng.reporters.JUnitReportReporter -->
<testsuite skipped="0" hostname="kali" name="seleniumlab.FirefoxAssertion" tests="8" failures="0" timestamp="2020-03-16T15:35:35 IST" time="142.295" errors="0">
  <testcase name="signup_btn" time="23.218" classname="seleniumlab.FirefoxAssertion"/>
  <testcase name="signup_details" time="5.614" classname="seleniumlab.FirefoxAssertion"/>
  <testcase name="login_btn" time="21.016" classname="seleniumlab.FirefoxAssertion"/>
  <testcase name="login_details" time="30.514" classname="seleniumlab.FirefoxAssertion"/>
  <testcase name="catalog" time="8.813" classname="seleniumlab.FirefoxAssertion"/>
  <testcase name="search_catalog" time="20.384" classname="seleniumlab.FirefoxAssertion"/>
  <testcase name="product" time="10.937" classname="seleniumlab.FirefoxAssertion"/>
  <testcase name="enroll_product" time="21.799" classname="seleniumlab.FirefoxAssertion"/>
</testsuite> <!-- seleniumlab.FirefoxAssertion -->
